<?xml version="1.0" encoding="UTF-8"?>
<!-- Generated by org.testng.reporters.JUnitReportReporter -->
<testsuite hostname="DESKTOP-TH9F34G" failures="0" tests="1" name="ParentClass" time="0.009" errors="0" timestamp="2024-01-16T12:41:46 IST" skipped="0">
  <testcase classname="ParentClass" name="Patentmethodone" time="0.009"/>
  <system-out/>
</testsuite> <!-- ParentClass -->
